Turbo Assembler	 Version 4.1	    02/16/19 16:49:37	    Page 1
1.asm



      1	0000			     .model tiny
      2	0000			     .code
      3
      4	      =0001		     X1	= 1
      5	      =0005		     X2	= 5
      6	      =0001		     Y1	= 1
      7	      =0005		     Y2	= 5
      8
      9
     10				     org 100h
     11
     12	0100			     start:
     13	0100  B8 B800				     mov ax, 0b800h
     14	0103  8E C0				     mov es, ax
     15	0105  B6 A0				     mov dh, 160     ;	  na eto budem delit'
     16
     17	0107  BB 0000				     mov bx, (Y1-1)*80*2 + (X1-1)*2
     18	010A  EB 05 90				     jmp for_one
     19
     20	010D				     for_two:
     21	010D  81 C3 0096			     add bx, 80*2 - X2*2 + X1*2	- 2
     22
     23
     24	0111				     for_one:
     25	0111  26: C7 07	4E21			     mov word ptr es:[bx], 4e21h
     26
     27	0116  83 C3 02				     add bx, 2
     28
     29	0119  8B C3				     mov ax, bx
     30	011B  F6 F6				     div dh			     ;ah - mod
     31
     32	011D  80 FC 0A				     cmp ah, X2*2
     33	0120  7C EF			     jl	for_one
     34
     35	0122  3C 04				     cmp al, Y2-1
     36	0124  7C E7			     jl	for_two
     37
     38	0126  BB 00A2				     mov bx, Y1*80*2 + X1*2
     39	0129  EB 05 90				     jmp for_three
     40
     41	012C				     for_four:
     42	012C  81 C3 009A			     add bx, 80*2 - (X2-1)*2 + (X1+1)*2	- 2
     43
     44	0130				     for_three:
     45	0130  26: C7 07	4E20			     mov word ptr es:[bx], 4e20h
     46
     47	0135  83 C3 02				     add bx, 2
     48	0138  8B C3				     mov ax, bx
     49	013A  F6 F6				     div dh
     50
     51	013C  80 FC 08				     cmp ah, (X2-1)*2
     52	013F  7C EF			     jl	for_three
     53
     54	0141  3C 03				     cmp al, Y2-2
     55	0143  7C E7			     jl	for_four
     56
     57
Turbo Assembler	 Version 4.1	    02/16/19 16:49:37	    Page 2
1.asm



     58
     59
     60
     61	0145  B8 4C00				     mov ax, 4c00h
     62	0148  CD 21				     int 21h
     63
     64	014A			     .data
     65
     66
     67				     end start
Turbo Assembler	 Version 4.1	    02/16/19 16:49:37	    Page 3
Symbol Table




Symbol Name			  Type	 Value

??DATE				  Text	 "02/16/19"
??FILENAME			  Text	 "1	  "
??TIME				  Text	 "16:49:37"
??VERSION			  Number 040A
@32BIT				  Text	 0
@CODE				  Text	 DGROUP
@CODESIZE			  Text	 0
@CPU				  Text	 0101H
@CURSEG				  Text	 _DATA
@DATA				  Text	 DGROUP
@DATASIZE			  Text	 0
@FILENAME			  Text	 1
@INTERFACE			  Text	 000H
@MODEL				  Text	 1
@STACK				  Text	 DGROUP
@WORDSIZE			  Text	 2
FOR_FOUR			  Near	 DGROUP:012C
FOR_ONE				  Near	 DGROUP:0111
FOR_THREE			  Near	 DGROUP:0130
FOR_TWO				  Near	 DGROUP:010D
START				  Near	 DGROUP:0100
X1				  Number 0001
X2				  Number 0005
Y1				  Number 0001
Y2				  Number 0005

Groups & Segments		  Bit Size Align  Combine Class

DGROUP				  Group
  _DATA				  16  0000 Word	  Public  DATA
  _TEXT				  16  014A Word	  Public  CODE
