Turbo Assembler	 Version 4.1	    02/25/19 15:03:50	    Page 1
fromdec.asm



      1	0000			     .model tiny
      2	0000			     .code
      3
      4				     org 100h
      5
      6	0100			     start:
      7	0100  BB 0000r				     mov bx, offset val
      8	0103  E8 0003				     call fromdec
      9	0106  EB 28 90				     jmp end_prog
     10
     11
     12
     13				     ;-----------------------------------------------------------------------------
     14				     ;	     makes a numder from string	of dec digits
     15				     ;	     entry:  BX	- str adress
     16				     ;	     exit:   DX	- number
     17				     ;	     destr:  AX	BX CX
     18				     ;-----------------------------------------------------------------------------
     19	0109				     fromdec proc
     20	0109  B9 2710				     mov cx, 10000d
     21	010C  BA 0000				     mov dx, 0
     22
     23	010F				     for_1:
     24	010F  8A 07				     mov byte ptr al, [bx]
     25	0111  B4 00				     mov ah, 0
     26
     27
     28	0113  2C 30				     sub al, '0'
     29	0115  52				     push dx
     30	0116  F7 E1				     mul cx
     31	0118  5A				     pop dx
     32	0119  03 D0				     add dx, ax
     33
     34	011B  43				     inc bx
     35	011C  8B C1				     mov ax, cx
     36	011E  B9 000A				     mov cx, 10d
     37	0121  52				     push dx
     38	0122  BA 0000				     mov dx, 0
     39	0125  F7 F1				     div cx
     40	0127  8B C8				     mov cx, ax
     41	0129  5A				     pop dx
     42	012A  83 F9 00				     cmp cx, 0
     43
     44	012D  75 E0				     jne for_1
     45	012F  C3				     ret
     46	0130					     endp
     47
     48
     49
     50	0130				     end_prog:
     51	0130  B8 4C00				     mov ax, 4c00h
     52	0133  CD 21				     int 21h
     53
     54	0135			     .data
     55	0000  30 34 35 37 32 24	     val	     db	'04572$'
     56
     57				     end start
Turbo Assembler	 Version 4.1	    02/25/19 15:03:50	    Page 2
Symbol Table




Symbol Name			  Type	 Value

??DATE				  Text	 "02/25/19"
??FILENAME			  Text	 "fromdec "
??TIME				  Text	 "15:03:50"
??VERSION			  Number 040A
@32BIT				  Text	 0
@CODE				  Text	 DGROUP
@CODESIZE			  Text	 0
@CPU				  Text	 0101H
@CURSEG				  Text	 _DATA
@DATA				  Text	 DGROUP
@DATASIZE			  Text	 0
@FILENAME			  Text	 FROMDEC
@INTERFACE			  Text	 000H
@MODEL				  Text	 1
@STACK				  Text	 DGROUP
@WORDSIZE			  Text	 2
END_PROG			  Near	 DGROUP:0130
FOR_1				  Near	 DGROUP:010F
FROMDEC				  Near	 DGROUP:0109
START				  Near	 DGROUP:0100
VAL				  Byte	 DGROUP:0000

Groups & Segments		  Bit Size Align  Combine Class

DGROUP				  Group
  _DATA				  16  0006 Word	  Public  DATA
  _TEXT				  16  0135 Word	  Public  CODE
