Turbo Assembler	 Version 4.1	    02/27/19 20:37:34	    Page 1
fromhex.asm



      1	0000			     .model tiny
      2	0000			     .code
      3
      4				     org 100h
      5
      6	0100			     start:
      7	0100  BB 0000r				     mov bx, offset val
      8	0103  E8 0003				     call fromhex
      9	0106  EB 25 90				     jmp end_prog
     10
     11
     12
     13				     ;-----------------------------------------------------------------------------
     14				     ;	     makes a numder from string	of hex digits
     15				     ;	     entry:  BX	- str adress
     16				     ;	     exit:   DX	- number
     17				     ;	     destr:  AX	BX CX
     18				     ;-----------------------------------------------------------------------------
     19	0109				     fromhex proc
     20	0109  B9 0004				     mov cx, 4d
     21	010C  BA 0000				     mov dx, 0
     22
     23	010F				     for_1:
     24	010F  8A 07				     mov byte ptr al, [bx]
     25	0111  B4 00				     mov ah, 0
     26	0113  D1 E2 D1 E2 D1 E2	D1+		     shl dx, 4
     27	      E2
     28	011B  3C 41				     cmp al, 'A'
     29	011D  72 02				     jb	digit
     30	011F  2C 07				     sub al, 'A' - '0' - 10d
     31	0121				     digit:
     32	0121  2C 30				     sub al, '0'
     33
     34
     35	0123  03 D0				     add dx, ax
     36
     37	0125  43				     inc bx
     38	0126  49				     dec cx
     39	0127  83 F9 00				     cmp cx, 0
     40
     41	012A  75 E3				     jne for_1
     42	012C  C3				     ret
     43	012D					     endp
     44
     45
     46
     47	012D				     end_prog:
     48	012D  B8 4C00				     mov ax, 4c00h
     49	0130  CD 21				     int 21h
     50
     51	0132			     .data
     52	0000  42 45 30 35 24	     val	     db	'BE05$'
     53
     54				     end start
Turbo Assembler	 Version 4.1	    02/27/19 20:37:34	    Page 2
Symbol Table




Symbol Name			  Type	 Value

??DATE				  Text	 "02/27/19"
??FILENAME			  Text	 "fromhex "
??TIME				  Text	 "20:37:34"
??VERSION			  Number 040A
@32BIT				  Text	 0
@CODE				  Text	 DGROUP
@CODESIZE			  Text	 0
@CPU				  Text	 0101H
@CURSEG				  Text	 _DATA
@DATA				  Text	 DGROUP
@DATASIZE			  Text	 0
@FILENAME			  Text	 FROMHEX
@INTERFACE			  Text	 000H
@MODEL				  Text	 1
@STACK				  Text	 DGROUP
@WORDSIZE			  Text	 2
DIGIT				  Near	 DGROUP:0121
END_PROG			  Near	 DGROUP:012D
FOR_1				  Near	 DGROUP:010F
FROMHEX				  Near	 DGROUP:0109
START				  Near	 DGROUP:0100
VAL				  Byte	 DGROUP:0000

Groups & Segments		  Bit Size Align  Combine Class

DGROUP				  Group
  _DATA				  16  0005 Word	  Public  DATA
  _TEXT				  16  0132 Word	  Public  CODE
