Turbo Assembler	 Version 4.1	    02/27/19 20:30:55	    Page 1
todec.asm



      1	0000			     .model tiny
      2	0000			     .code
      3
      4	      =FFFF		     X = 65535d
      5
      6				     org 100h
      7
      8	0100			     start:
      9	0100  B8 B800				     mov ax, 0b800h
     10	0103  8E C0				     mov es, ax
     11	0105  50 55 8B EC C7 46	02+		     push X
     12	      FFFF 5D
     13	010F  E8 0004				     call todec
     14	0112  4C				     dec sp
     15	0113  EB 37 90				     jmp end_prog
     16
     17				     ;-----------------------------------------------------------------------------
     18				     ;	     write number from dx in dec format
     19				     ;	     entry:  DX	- number
     20				     ;	     exit    string of dec digits in video memory
     21				     ;	     destr   AX	BX CX DX
     22				     ;-----------------------------------------------------------------------------
     23	0116				     todec proc
     24
     25	0116  BB 01E0				     mov bx, 3*80*2
     26	0119  B9 2710				     mov cx, 10000
     27
     28	011C  8B EC				     mov bp, sp
     29	011E  83 C5 02				     add bp, 2
     30	0121				     for_1:
     31	0121  8B 46 00				     mov ax, [bp]
     32	0124  BA 0000				     mov dx, 0
     33	0127  F7 F1				     div cx
     34	0129  89 56 00				     mov [bp], dx
     35	012C  05 0030				     add ax, '0'
     36
     37	012F  26: C6 47	01 4E			     mov byte ptr es:[bx+1], 4eh
     38	0134  26: 88 07				     mov byte ptr es:[bx], al
     39
     40	0137  83 C3 02				     add bx, 2
     41	013A  8B C1				     mov ax, cx
     42	013C  BA 0000				     mov dx, 0
     43	013F  B9 000A				     mov cx, 10d
     44	0142  F7 F1				     div cx
     45	0144  8B C8				     mov cx, ax
     46	0146  83 F9 01				     cmp cx, 1
     47	0149  7D D6				     jnl for_1
     48
     49	014B  C3			     ret
     50	014C				     endp
     51
     52	014C				     end_prog:
     53	014C  B8 4C00				     mov ax, 4c00h
     54	014F  CD 21				     int 21h
     55
     56
     57
Turbo Assembler	 Version 4.1	    02/27/19 20:30:55	    Page 2
todec.asm



     58				     end start
Turbo Assembler	 Version 4.1	    02/27/19 20:30:55	    Page 3
Symbol Table




Symbol Name			  Type	 Value

??DATE				  Text	 "02/27/19"
??FILENAME			  Text	 "todec	  "
??TIME				  Text	 "20:30:55"
??VERSION			  Number 040A
@32BIT				  Text	 0
@CODE				  Text	 DGROUP
@CODESIZE			  Text	 0
@CPU				  Text	 0101H
@CURSEG				  Text	 _TEXT
@DATA				  Text	 DGROUP
@DATASIZE			  Text	 0
@FILENAME			  Text	 TODEC
@INTERFACE			  Text	 000H
@MODEL				  Text	 1
@STACK				  Text	 DGROUP
@WORDSIZE			  Text	 2
END_PROG			  Near	 DGROUP:014C
FOR_1				  Near	 DGROUP:0121
START				  Near	 DGROUP:0100
TODEC				  Near	 DGROUP:0116
X				  Number FFFF

Groups & Segments		  Bit Size Align  Combine Class

DGROUP				  Group
  _DATA				  16  0000 Word	  Public  DATA
  _TEXT				  16  0151 Word	  Public  CODE
